<?xml version="1.0" encoding="UTF-8"?>
<!-- Generated by org.testng.reporters.JUnitXMLReporter -->
<testsuite ignored="0" hostname="DESKTOP-MRS77HI" failures="0" tests="3" name="Default test" time="0.178" errors="0" timestamp="2023-10-15T16:35:41 IST">
  <testcase classname="TestNgadda.AddaApp" name="@BeforeTest launchBrowser" time="-1.697367940805E9">
    <failure type="org.testng.TestNGException" message="
Parameter &amp;apos;browser&amp;apos; is required by BeforeTest on method launchBrowser but has not been marked @Optional or defined
in C:\Users\Aditya\AppData\Local\Temp\testng-eclipse--1152268589\testng-customsuite.xml">
      <![CDATA[org.testng.TestNGException: 
Parameter 'browser' is required by BeforeTest on method launchBrowser but has not been marked @Optional or defined
in C:\Users\Aditya\AppData\Local\Temp\testng-eclipse--1152268589\testng-customsuite.xml
at org.testng.internal.Parameters.createParams(Parameters.java:267)
at org.testng.internal.Parameters.createParametersForMethod(Parameters.java:355)
at org.testng.internal.Parameters.createParameters(Parameters.java:684)
at org.testng.internal.Parameters.createConfigurationParameters(Parameters.java:166)
at org.testng.internal.invokers.ConfigInvoker.invokeConfigurations(ConfigInvoker.java:306)
at org.testng.TestRunner.invokeTestConfigurations(TestRunner.java:663)
at org.testng.TestRunner.beforeRun(TestRunner.java:652)
at org.testng.TestRunner.run(TestRunner.java:614)
at org.testng.SuiteRunner.runTest(SuiteRunner.java:443)
at org.testng.SuiteRunner.runSequentially(SuiteRunner.java:437)
at org.testng.SuiteRunner.privateRun(SuiteRunner.java:397)
at org.testng.SuiteRunner.run(SuiteRunner.java:336)
at org.testng.SuiteRunnerWorker.runSuite(SuiteRunnerWorker.java:52)
at org.testng.SuiteRunnerWorker.run(SuiteRunnerWorker.java:95)
at org.testng.TestNG.runSuitesSequentially(TestNG.java:1280)
at org.testng.TestNG.runSuitesLocally(TestNG.java:1200)
at org.testng.TestNG.runSuites(TestNG.java:1114)
at org.testng.TestNG.run(TestNG.java:1082)
at org.testng.remote.AbstractRemoteTestNG.run(AbstractRemoteTestNG.java:115)
at org.testng.remote.RemoteTestNG.initAndRun(RemoteTestNG.java:251)
at org.testng.remote.RemoteTestNG.main(RemoteTestNG.java:77)
]]>
    </failure>
  </testcase> <!-- @BeforeTest launchBrowser -->
  <testcase classname="TestNgadda.AddaApp" name="@BeforeMethod loginSignup" time="0.0">
    <skipped/>
  </testcase> <!-- @BeforeMethod loginSignup -->
  <testcase classname="TestNgadda.AddaApp" name="@BeforeMethod loginSignup" time="0.0">
    <skipped/>
  </testcase> <!-- @BeforeMethod loginSignup -->
  <testcase classname="TestNgadda.AddaApp" name="@BeforeMethod loginSignup" time="0.0">
    <skipped/>
  </testcase> <!-- @BeforeMethod loginSignup -->
  <testcase classname="TestNgadda.AddaApp" name="@AfterClass afterclass" time="0.0">
    <skipped/>
  </testcase> <!-- @AfterClass afterclass -->
  <testcase classname="TestNgadda.AddaApp" name="SigninLogout" time="0.0">
    <skipped/>
  </testcase> <!-- SigninLogout -->
  <testcase classname="TestNgadda.AddaApp" name="Banking" time="0.003">
    <skipped/>
  </testcase> <!-- Banking -->
  <testcase classname="TestNgadda.AddaApp" name="Railways" time="0.001">
    <skipped/>
  </testcase> <!-- Railways -->
</testsuite> <!-- Default test -->
